2018-08-11 16:10:50 weka.gui.GenericObjectEditor registerEditors
INFO: ---Registering Weka Editors---
2018-08-11 16:10:52 weka.experiment.DatabaseUtils initialize
WARNING: Trying to add database driver (JDBC): jdbc.idbDriver - Warning, not in CLASSPATH?
2018-08-11 16:10:52 weka.gui.beans.BeansProperties loadProperties
INFO: [KnowledgeFlow] Loading properties and plugins...
2018-08-11 16:10:52 weka.gui.beans.KnowledgeFlowApp init
INFO: [KnowledgeFlow] Initializing KF...
@relation zombie-health-spreadsheet-ml-training

@attribute paralysis {t,f}
@attribute yellow_tong {t,f}
@attribute member_loss {f,t}
@attribute chest_pain {f,t}
@attribute trembling_finger {f,t}
@attribute severe_anger {f,t}
@attribute history_bacteria {f,t}
@attribute diagnostic {bacterial_infection,bite_deficit,viral_infection,fights,nothing}

@data
t,t,f,f,f,f,f,bacterial_infection
f,t,f,f,f,f,f,bacterial_infection
f,t,f,f,t,f,t,bite_deficit
f,t,t,f,t,f,f,bite_deficit
f,f,t,t,f,f,f,viral_infection
f,f,t,f,f,t,f,fights
f,f,f,f,f,t,f,nothing
f,f,f,f,t,f,f,bite_deficit
f,t,f,t,f,f,f,bacterial_infection
f,f,f,t,f,f,f,viral_infection
f,t,t,f,f,f,t,bite_deficit
t,t,f,f,f,f,f,bacterial_infection
f,f,f,t,f,f,t,viral_infection
f,f,t,f,f,f,f,fights
f,t,f,f,t,f,t,bite_deficit
f,t,t,f,t,f,f,bite_deficit
f,f,f,t,f,f,f,fights
f,t,f,f,f,f,f,bacterial_infection
f,f,f,f,t,f,f,bite_deficit
java.io.IOException: No source has been specified
	weka.core.converters.ArffLoader.getDataSet(ArffLoader.java:1272)
	weka.core.converters.ConverterUtils$DataSource.getDataSet(ConverterUtils.java:264)
	pt.c08componentes.s20catalog.s10ds.DataSetComponent.readDS(DataSetComponent.java:35)
	pt.c08componentes.s20catalog.s10ds.DataSetComponent.setDataSource(DataSetComponent.java:25)
	com.twosigma.beaker.javash.bkrce5d81f6.BeakerWrapperClass1261714175Id2117e88e25994fc09869c2fd2ef4922d.beakerRun(BeakerWrapperClass1261714175Id2117e88e25994fc09869c2fd2ef4922d.java:48)
	sun.reflect.NativeMethodAccessorImpl.invoke0(Native Method)
	sun.reflect.NativeMethodAccessorImpl.invoke(NativeMethodAccessorImpl.java:62)
	sun.reflect.DelegatingMethodAccessorImpl.invoke(DelegatingMethodAccessorImpl.java:43)
	java.lang.reflect.Method.invoke(Method.java:498)
	com.twosigma.beakerx.javash.evaluator.JavaCodeRunner.compileAndRunCode(JavaCodeRunner.java:121)
	com.twosigma.beakerx.javash.evaluator.JavaCodeRunner.compileCode(JavaCodeRunner.java:99)
	com.twosigma.beakerx.javash.evaluator.JavaCodeRunner.runCode(JavaCodeRunner.java:84)
	com.twosigma.beakerx.javash.evaluator.JavaCodeRunner.call(JavaCodeRunner.java:58)
	com.twosigma.beakerx.javash.evaluator.JavaCodeRunner.call(JavaCodeRunner.java:39)
	java.util.concurrent.FutureTask.run(FutureTask.java:266)
	java.util.concurrent.ThreadPoolExecutor.runWorker(ThreadPoolExecutor.java:1142)
	java.util.concurrent.ThreadPoolExecutor$Worker.run(ThreadPoolExecutor.java:617)
	java.lang.Thread.run(Thread.java:745)

	at weka.core.converters.ArffLoader.getDataSet(ArffLoader.java:1272)
	at weka.core.converters.ConverterUtils$DataSource.getDataSet(ConverterUtils.java:264)
	at pt.c08componentes.s20catalog.s10ds.DataSetComponent.readDS(DataSetComponent.java:35)
	at pt.c08componentes.s20catalog.s10ds.DataSetComponent.setDataSource(DataSetComponent.java:25)
	at com.twosigma.beaker.javash.bkrce5d81f6.BeakerWrapperClass1261714175Id2117e88e25994fc09869c2fd2ef4922d.beakerRun(BeakerWrapperClass1261714175Id2117e88e25994fc09869c2fd2ef4922d.java:48)
	at sun.reflect.NativeMethodAccessorImpl.invoke0(Native Method)
	at sun.reflect.NativeMethodAccessorImpl.invoke(NativeMethodAccessorImpl.java:62)
	at sun.reflect.DelegatingMethodAccessorImpl.invoke(DelegatingMethodAccessorImpl.java:43)
	at java.lang.reflect.Method.invoke(Method.java:498)
	at com.twosigma.beakerx.javash.evaluator.JavaCodeRunner.compileAndRunCode(JavaCodeRunner.java:121)
	at com.twosigma.beakerx.javash.evaluator.JavaCodeRunner.compileCode(JavaCodeRunner.java:99)
	at com.twosigma.beakerx.javash.evaluator.JavaCodeRunner.runCode(JavaCodeRunner.java:84)
	at com.twosigma.beakerx.javash.evaluator.JavaCodeRunner.call(JavaCodeRunner.java:58)
	at com.twosigma.beakerx.javash.evaluator.JavaCodeRunner.call(JavaCodeRunner.java:39)
	at java.util.concurrent.FutureTask.run(FutureTask.java:266)
	at java.util.concurrent.ThreadPoolExecutor.runWorker(ThreadPoolExecutor.java:1142)
	at java.util.concurrent.ThreadPoolExecutor$Worker.run(ThreadPoolExecutor.java:617)
	at java.lang.Thread.run(Thread.java:745)
java.lang.NullPointerException
	pt.c08componentes.s20catalog.s10ds.DataSetComponent.readDS(DataSetComponent.java:38)
	pt.c08componentes.s20catalog.s10ds.DataSetComponent.setDataSource(DataSetComponent.java:25)
	com.twosigma.beaker.javash.bkrce5d81f6.BeakerWrapperClass1261714175Id2117e88e25994fc09869c2fd2ef4922d.beakerRun(BeakerWrapperClass1261714175Id2117e88e25994fc09869c2fd2ef4922d.java:48)
	sun.reflect.NativeMethodAccessorImpl.invoke0(Native Method)
	sun.reflect.NativeMethodAccessorImpl.invoke(NativeMethodAccessorImpl.java:62)
	sun.reflect.DelegatingMethodAccessorImpl.invoke(DelegatingMethodAccessorImpl.java:43)
	java.lang.reflect.Method.invoke(Method.java:498)
	com.twosigma.beakerx.javash.evaluator.JavaCodeRunner.compileAndRunCode(JavaCodeRunner.java:121)
	com.twosigma.beakerx.javash.evaluator.JavaCodeRunner.compileCode(JavaCodeRunner.java:99)
	com.twosigma.beakerx.javash.evaluator.JavaCodeRunner.runCode(JavaCodeRunner.java:84)
	com.twosigma.beakerx.javash.evaluator.JavaCodeRunner.call(JavaCodeRunner.java:58)
	com.twosigma.beakerx.javash.evaluator.JavaCodeRunner.call(JavaCodeRunner.java:39)
	java.util.concurrent.FutureTask.run(FutureTask.java:266)
	java.util.concurrent.ThreadPoolExecutor.runWorker(ThreadPoolExecutor.java:1142)
	java.util.concurrent.ThreadPoolExecutor$Worker.run(ThreadPoolExecutor.java:617)
	java.lang.Thread.run(Thread.java:745)

	at pt.c08componentes.s20catalog.s10ds.DataSetComponent.readDS(DataSetComponent.java:38)
	at pt.c08componentes.s20catalog.s10ds.DataSetComponent.setDataSource(DataSetComponent.java:25)
	at com.twosigma.beaker.javash.bkrce5d81f6.BeakerWrapperClass1261714175Id2117e88e25994fc09869c2fd2ef4922d.beakerRun(BeakerWrapperClass1261714175Id2117e88e25994fc09869c2fd2ef4922d.java:48)
	at sun.reflect.NativeMethodAccessorImpl.invoke0(Native Method)
	at sun.reflect.NativeMethodAccessorImpl.invoke(NativeMethodAccessorImpl.java:62)
	at sun.reflect.DelegatingMethodAccessorImpl.invoke(DelegatingMethodAccessorImpl.java:43)
	at java.lang.reflect.Method.invoke(Method.java:498)
	at com.twosigma.beakerx.javash.evaluator.JavaCodeRunner.compileAndRunCode(JavaCodeRunner.java:121)
	at com.twosigma.beakerx.javash.evaluator.JavaCodeRunner.compileCode(JavaCodeRunner.java:99)
	at com.twosigma.beakerx.javash.evaluator.JavaCodeRunner.runCode(JavaCodeRunner.java:84)
	at com.twosigma.beakerx.javash.evaluator.JavaCodeRunner.call(JavaCodeRunner.java:58)
	at com.twosigma.beakerx.javash.evaluator.JavaCodeRunner.call(JavaCodeRunner.java:39)
	at java.util.concurrent.FutureTask.run(FutureTask.java:266)
	at java.util.concurrent.ThreadPoolExecutor.runWorker(ThreadPoolExecutor.java:1142)
	at java.util.concurrent.ThreadPoolExecutor$Worker.run(ThreadPoolExecutor.java:617)
	at java.lang.Thread.run(Thread.java:745)
java.lang.NullPointerException
	pt.c08componentes.s20catalog.s90ml.DiagnosticsComponent.sendEHR(DiagnosticsComponent.java:34)
	pt.c08componentes.s20catalog.s90ml.AnamnesisRegisterComponent.start(AnamnesisRegisterComponent.java:13)
	com.twosigma.beaker.javash.bkrce5d81f6.BeakerWrapperClass1261714175Id2117e88e25994fc09869c2fd2ef4922d.beakerRun(BeakerWrapperClass1261714175Id2117e88e25994fc09869c2fd2ef4922d.java:50)
	sun.reflect.NativeMethodAccessorImpl.invoke0(Native Method)
	sun.reflect.NativeMethodAccessorImpl.invoke(NativeMethodAccessorImpl.java:62)
	sun.reflect.DelegatingMethodAccessorImpl.invoke(DelegatingMethodAccessorImpl.java:43)
	java.lang.reflect.Method.invoke(Method.java:498)
	com.twosigma.beakerx.javash.evaluator.JavaCodeRunner.compileAndRunCode(JavaCodeRunner.java:121)
	com.twosigma.beakerx.javash.evaluator.JavaCodeRunner.compileCode(JavaCodeRunner.java:99)
	com.twosigma.beakerx.javash.evaluator.JavaCodeRunner.runCode(JavaCodeRunner.java:84)
	com.twosigma.beakerx.javash.evaluator.JavaCodeRunner.call(JavaCodeRunner.java:58)
	com.twosigma.beakerx.javash.evaluator.JavaCodeRunner.call(JavaCodeRunner.java:39)
	java.util.concurrent.FutureTask.run(FutureTask.java:266)
	java.util.concurrent.ThreadPoolExecutor.runWorker(ThreadPoolExecutor.java:1142)
	java.util.concurrent.ThreadPoolExecutor$Worker.run(ThreadPoolExecutor.java:617)
	java.lang.Thread.run(Thread.java:745)

	at pt.c08componentes.s20catalog.s90ml.DiagnosticsComponent.sendEHR(DiagnosticsComponent.java:34)
	at pt.c08componentes.s20catalog.s90ml.AnamnesisRegisterComponent.start(AnamnesisRegisterComponent.java:13)
	at com.twosigma.beaker.javash.bkrce5d81f6.BeakerWrapperClass1261714175Id2117e88e25994fc09869c2fd2ef4922d.beakerRun(BeakerWrapperClass1261714175Id2117e88e25994fc09869c2fd2ef4922d.java:50)
	at sun.reflect.NativeMethodAccessorImpl.invoke0(Native Method)
	at sun.reflect.NativeMethodAccessorImpl.invoke(NativeMethodAccessorImpl.java:62)
	at sun.reflect.DelegatingMethodAccessorImpl.invoke(DelegatingMethodAccessorImpl.java:43)
	at java.lang.reflect.Method.invoke(Method.java:498)
	at com.twosigma.beakerx.javash.evaluator.JavaCodeRunner.compileAndRunCode(JavaCodeRunner.java:121)
	at com.twosigma.beakerx.javash.evaluator.JavaCodeRunner.compileCode(JavaCodeRunner.java:99)
	at com.twosigma.beakerx.javash.evaluator.JavaCodeRunner.runCode(JavaCodeRunner.java:84)
	at com.twosigma.beakerx.javash.evaluator.JavaCodeRunner.call(JavaCodeRunner.java:58)
	at com.twosigma.beakerx.javash.evaluator.JavaCodeRunner.call(JavaCodeRunner.java:39)
	at java.util.concurrent.FutureTask.run(FutureTask.java:266)
	at java.util.concurrent.ThreadPoolExecutor.runWorker(ThreadPoolExecutor.java:1142)
	at java.util.concurrent.ThreadPoolExecutor$Worker.run(ThreadPoolExecutor.java:617)
	at java.lang.Thread.run(Thread.java:745)
java.io.IOException: No source has been specified
	weka.core.converters.ArffLoader.getDataSet(ArffLoader.java:1272)
	weka.core.converters.ConverterUtils$DataSource.getDataSet(ConverterUtils.java:264)
	pt.c08componentes.s20catalog.s10ds.DataSetComponent.readDS(DataSetComponent.java:35)
	pt.c08componentes.s20catalog.s10ds.DataSetComponent.setDataSource(DataSetComponent.java:25)
	com.twosigma.beaker.javash.bkrce5d81f6.BeakerWrapperClass1261714175Id9e0ff0ec6dfe4678a2b6bf61c1b3c11b.beakerRun(BeakerWrapperClass1261714175Id9e0ff0ec6dfe4678a2b6bf61c1b3c11b.java:48)
	sun.reflect.NativeMethodAccessorImpl.invoke0(Native Method)
	sun.reflect.NativeMethodAccessorImpl.invoke(NativeMethodAccessorImpl.java:62)
	sun.reflect.DelegatingMethodAccessorImpl.invoke(DelegatingMethodAccessorImpl.java:43)
	java.lang.reflect.Method.invoke(Method.java:498)
	com.twosigma.beakerx.javash.evaluator.JavaCodeRunner.compileAndRunCode(JavaCodeRunner.java:121)
	com.twosigma.beakerx.javash.evaluator.JavaCodeRunner.compileCode(JavaCodeRunner.java:99)
	com.twosigma.beakerx.javash.evaluator.JavaCodeRunner.runCode(JavaCodeRunner.java:84)
	com.twosigma.beakerx.javash.evaluator.JavaCodeRunner.call(JavaCodeRunner.java:58)
	com.twosigma.beakerx.javash.evaluator.JavaCodeRunner.call(JavaCodeRunner.java:39)
	java.util.concurrent.FutureTask.run(FutureTask.java:266)
	java.util.concurrent.ThreadPoolExecutor.runWorker(ThreadPoolExecutor.java:1142)
	java.util.concurrent.ThreadPoolExecutor$Worker.run(ThreadPoolExecutor.java:617)
	java.lang.Thread.run(Thread.java:745)

	at weka.core.converters.ArffLoader.getDataSet(ArffLoader.java:1272)
	at weka.core.converters.ConverterUtils$DataSource.getDataSet(ConverterUtils.java:264)
	at pt.c08componentes.s20catalog.s10ds.DataSetComponent.readDS(DataSetComponent.java:35)
	at pt.c08componentes.s20catalog.s10ds.DataSetComponent.setDataSource(DataSetComponent.java:25)
	at com.twosigma.beaker.javash.bkrce5d81f6.BeakerWrapperClass1261714175Id9e0ff0ec6dfe4678a2b6bf61c1b3c11b.beakerRun(BeakerWrapperClass1261714175Id9e0ff0ec6dfe4678a2b6bf61c1b3c11b.java:48)
	at sun.reflect.NativeMethodAccessorImpl.invoke0(Native Method)
	at sun.reflect.NativeMethodAccessorImpl.invoke(NativeMethodAccessorImpl.java:62)
	at sun.reflect.DelegatingMethodAccessorImpl.invoke(DelegatingMethodAccessorImpl.java:43)
	at java.lang.reflect.Method.invoke(Method.java:498)
	at com.twosigma.beakerx.javash.evaluator.JavaCodeRunner.compileAndRunCode(JavaCodeRunner.java:121)
	at com.twosigma.beakerx.javash.evaluator.JavaCodeRunner.compileCode(JavaCodeRunner.java:99)
	at com.twosigma.beakerx.javash.evaluator.JavaCodeRunner.runCode(JavaCodeRunner.java:84)
	at com.twosigma.beakerx.javash.evaluator.JavaCodeRunner.call(JavaCodeRunner.java:58)
	at com.twosigma.beakerx.javash.evaluator.JavaCodeRunner.call(JavaCodeRunner.java:39)
	at java.util.concurrent.FutureTask.run(FutureTask.java:266)
	at java.util.concurrent.ThreadPoolExecutor.runWorker(ThreadPoolExecutor.java:1142)
	at java.util.concurrent.ThreadPoolExecutor$Worker.run(ThreadPoolExecutor.java:617)
	at java.lang.Thread.run(Thread.java:745)
java.lang.NullPointerException
	pt.c08componentes.s20catalog.s10ds.DataSetComponent.readDS(DataSetComponent.java:38)
	pt.c08componentes.s20catalog.s10ds.DataSetComponent.setDataSource(DataSetComponent.java:25)
	com.twosigma.beaker.javash.bkrce5d81f6.BeakerWrapperClass1261714175Id9e0ff0ec6dfe4678a2b6bf61c1b3c11b.beakerRun(BeakerWrapperClass1261714175Id9e0ff0ec6dfe4678a2b6bf61c1b3c11b.java:48)
	sun.reflect.NativeMethodAccessorImpl.invoke0(Native Method)
	sun.reflect.NativeMethodAccessorImpl.invoke(NativeMethodAccessorImpl.java:62)
	sun.reflect.DelegatingMethodAccessorImpl.invoke(DelegatingMethodAccessorImpl.java:43)
	java.lang.reflect.Method.invoke(Method.java:498)
	com.twosigma.beakerx.javash.evaluator.JavaCodeRunner.compileAndRunCode(JavaCodeRunner.java:121)
	com.twosigma.beakerx.javash.evaluator.JavaCodeRunner.compileCode(JavaCodeRunner.java:99)
	com.twosigma.beakerx.javash.evaluator.JavaCodeRunner.runCode(JavaCodeRunner.java:84)
	com.twosigma.beakerx.javash.evaluator.JavaCodeRunner.call(JavaCodeRunner.java:58)
	com.twosigma.beakerx.javash.evaluator.JavaCodeRunner.call(JavaCodeRunner.java:39)
	java.util.concurrent.FutureTask.run(FutureTask.java:266)
	java.util.concurrent.ThreadPoolExecutor.runWorker(ThreadPoolExecutor.java:1142)
	java.util.concurrent.ThreadPoolExecutor$Worker.run(ThreadPoolExecutor.java:617)
	java.lang.Thread.run(Thread.java:745)

	at pt.c08componentes.s20catalog.s10ds.DataSetComponent.readDS(DataSetComponent.java:38)
	at pt.c08componentes.s20catalog.s10ds.DataSetComponent.setDataSource(DataSetComponent.java:25)
	at com.twosigma.beaker.javash.bkrce5d81f6.BeakerWrapperClass1261714175Id9e0ff0ec6dfe4678a2b6bf61c1b3c11b.beakerRun(BeakerWrapperClass1261714175Id9e0ff0ec6dfe4678a2b6bf61c1b3c11b.java:48)
	at sun.reflect.NativeMethodAccessorImpl.invoke0(Native Method)
	at sun.reflect.NativeMethodAccessorImpl.invoke(NativeMethodAccessorImpl.java:62)
	at sun.reflect.DelegatingMethodAccessorImpl.invoke(DelegatingMethodAccessorImpl.java:43)
	at java.lang.reflect.Method.invoke(Method.java:498)
	at com.twosigma.beakerx.javash.evaluator.JavaCodeRunner.compileAndRunCode(JavaCodeRunner.java:121)
	at com.twosigma.beakerx.javash.evaluator.JavaCodeRunner.compileCode(JavaCodeRunner.java:99)
	at com.twosigma.beakerx.javash.evaluator.JavaCodeRunner.runCode(JavaCodeRunner.java:84)
	at com.twosigma.beakerx.javash.evaluator.JavaCodeRunner.call(JavaCodeRunner.java:58)
	at com.twosigma.beakerx.javash.evaluator.JavaCodeRunner.call(JavaCodeRunner.java:39)
	at java.util.concurrent.FutureTask.run(FutureTask.java:266)
	at java.util.concurrent.ThreadPoolExecutor.runWorker(ThreadPoolExecutor.java:1142)
	at java.util.concurrent.ThreadPoolExecutor$Worker.run(ThreadPoolExecutor.java:617)
	at java.lang.Thread.run(Thread.java:745)
java.lang.NullPointerException
	pt.c08componentes.s20catalog.s90ml.DiagnosticsComponent.sendEHR(DiagnosticsComponent.java:34)
	pt.c08componentes.s20catalog.s90ml.AnamnesisRegisterComponent.start(AnamnesisRegisterComponent.java:13)
	com.twosigma.beaker.javash.bkrce5d81f6.BeakerWrapperClass1261714175Id9e0ff0ec6dfe4678a2b6bf61c1b3c11b.beakerRun(BeakerWrapperClass1261714175Id9e0ff0ec6dfe4678a2b6bf61c1b3c11b.java:50)
	sun.reflect.NativeMethodAccessorImpl.invoke0(Native Method)
	sun.reflect.NativeMethodAccessorImpl.invoke(NativeMethodAccessorImpl.java:62)
	sun.reflect.DelegatingMethodAccessorImpl.invoke(DelegatingMethodAccessorImpl.java:43)
	java.lang.reflect.Method.invoke(Method.java:498)
	com.twosigma.beakerx.javash.evaluator.JavaCodeRunner.compileAndRunCode(JavaCodeRunner.java:121)
	com.twosigma.beakerx.javash.evaluator.JavaCodeRunner.compileCode(JavaCodeRunner.java:99)
	com.twosigma.beakerx.javash.evaluator.JavaCodeRunner.runCode(JavaCodeRunner.java:84)
	com.twosigma.beakerx.javash.evaluator.JavaCodeRunner.call(JavaCodeRunner.java:58)
	com.twosigma.beakerx.javash.evaluator.JavaCodeRunner.call(JavaCodeRunner.java:39)
	java.util.concurrent.FutureTask.run(FutureTask.java:266)
	java.util.concurrent.ThreadPoolExecutor.runWorker(ThreadPoolExecutor.java:1142)
	java.util.concurrent.ThreadPoolExecutor$Worker.run(ThreadPoolExecutor.java:617)
	java.lang.Thread.run(Thread.java:745)

	at pt.c08componentes.s20catalog.s90ml.DiagnosticsComponent.sendEHR(DiagnosticsComponent.java:34)
	at pt.c08componentes.s20catalog.s90ml.AnamnesisRegisterComponent.start(AnamnesisRegisterComponent.java:13)
	at com.twosigma.beaker.javash.bkrce5d81f6.BeakerWrapperClass1261714175Id9e0ff0ec6dfe4678a2b6bf61c1b3c11b.beakerRun(BeakerWrapperClass1261714175Id9e0ff0ec6dfe4678a2b6bf61c1b3c11b.java:50)
	at sun.reflect.NativeMethodAccessorImpl.invoke0(Native Method)
	at sun.reflect.NativeMethodAccessorImpl.invoke(NativeMethodAccessorImpl.java:62)
	at sun.reflect.DelegatingMethodAccessorImpl.invoke(DelegatingMethodAccessorImpl.java:43)
	at java.lang.reflect.Method.invoke(Method.java:498)
	at com.twosigma.beakerx.javash.evaluator.JavaCodeRunner.compileAndRunCode(JavaCodeRunner.java:121)
	at com.twosigma.beakerx.javash.evaluator.JavaCodeRunner.compileCode(JavaCodeRunner.java:99)
	at com.twosigma.beakerx.javash.evaluator.JavaCodeRunner.runCode(JavaCodeRunner.java:84)
	at com.twosigma.beakerx.javash.evaluator.JavaCodeRunner.call(JavaCodeRunner.java:58)
	at com.twosigma.beakerx.javash.evaluator.JavaCodeRunner.call(JavaCodeRunner.java:39)
	at java.util.concurrent.FutureTask.run(FutureTask.java:266)
	at java.util.concurrent.ThreadPoolExecutor.runWorker(ThreadPoolExecutor.java:1142)
	at java.util.concurrent.ThreadPoolExecutor$Worker.run(ThreadPoolExecutor.java:617)
	at java.lang.Thread.run(Thread.java:745)
t,t,f,f,f,f,f,bacterial_infection

Results
======

Correctly Classified Instances          14               73.6842 %
Incorrectly Classified Instances         5               26.3158 %
Kappa statistic                          0.6455
Mean absolute error                      0.1745
Root mean squared error                  0.3477
Relative absolute error                 56.0569 %
Root relative squared error             87.2821 %
Total Number of Instances               19     

Name: Asdrubal
Age: 45
Symptoms: [D@66776f9b
Diagnostics: t,t,f,f,f,f,f,bacterial_infection
