2018-08-10 23:57:13 weka.gui.GenericObjectEditor registerEditors
INFO: ---Registering Weka Editors---
2018-08-10 23:57:15 weka.experiment.DatabaseUtils initialize
WARNING: Trying to add database driver (JDBC): jdbc.idbDriver - Warning, not in CLASSPATH?
2018-08-10 23:57:15 weka.gui.beans.BeansProperties loadProperties
INFO: [KnowledgeFlow] Loading properties and plugins...
2018-08-10 23:57:15 weka.gui.beans.KnowledgeFlowApp init
INFO: [KnowledgeFlow] Initializing KF...
@relation zombie-health-spreadsheet-ml-training

@attribute paralysis {t,f}
@attribute yellow_tong {t,f}
@attribute member_loss {f,t}
@attribute chest_pain {f,t}
@attribute trembling_finger {f,t}
@attribute severe_anger {f,t}
@attribute history_bacteria {f,t}
@attribute diagnostic {bacterial_infection,bite_deficit,viral_infection,fights,nothing}

@data
t,t,f,f,f,f,f,bacterial_infection
f,t,f,f,f,f,f,bacterial_infection
f,t,f,f,t,f,t,bite_deficit
f,t,t,f,t,f,f,bite_deficit
f,f,t,t,f,f,f,viral_infection
f,f,t,f,f,t,f,fights
f,f,f,f,f,t,f,nothing
f,f,f,f,t,f,f,bite_deficit
f,t,f,t,f,f,f,bacterial_infection
f,f,f,t,f,f,f,viral_infection
f,t,t,f,f,f,t,bite_deficit
t,t,f,f,f,f,f,bacterial_infection
f,f,f,t,f,f,t,viral_infection
f,f,t,f,f,f,f,fights
f,t,f,f,t,f,t,bite_deficit
f,t,t,f,t,f,f,bite_deficit
f,f,f,t,f,f,f,fights
f,t,f,f,f,f,f,bacterial_infection
f,f,f,f,t,f,f,bite_deficit
***** empty *****
java.awt.HeadlessException: 
No X11 DISPLAY variable was set, but this program performed an operation which requires it.
	java.awt.GraphicsEnvironment.checkHeadless(GraphicsEnvironment.java:204)
	java.awt.Window.<init>(Window.java:536)
	java.awt.Frame.<init>(Frame.java:420)
	javax.swing.JFrame.<init>(JFrame.java:233)
	org.knowm.xchart.SwingWrapper.displayChart(SwingWrapper.java:76)
	pt.c08componentes.s20catalog.s50chart.ChartBubbleComponent.start(ChartBubbleComponent.java:60)
	com.twosigma.beaker.javash.bkrac913fe9.BeakerWrapperClass1261714175Id73bff0399a1a44a0b5440a5f75f6aba2.beakerRun(BeakerWrapperClass1261714175Id73bff0399a1a44a0b5440a5f75f6aba2.java:55)
	sun.reflect.NativeMethodAccessorImpl.invoke0(Native Method)
	sun.reflect.NativeMethodAccessorImpl.invoke(NativeMethodAccessorImpl.java:62)
	sun.reflect.DelegatingMethodAccessorImpl.invoke(DelegatingMethodAccessorImpl.java:43)
	java.lang.reflect.Method.invoke(Method.java:498)
	com.twosigma.beakerx.javash.evaluator.JavaCodeRunner.compileAndRunCode(JavaCodeRunner.java:121)
	com.twosigma.beakerx.javash.evaluator.JavaCodeRunner.compileCode(JavaCodeRunner.java:99)
	com.twosigma.beakerx.javash.evaluator.JavaCodeRunner.runCode(JavaCodeRunner.java:84)
	com.twosigma.beakerx.javash.evaluator.JavaCodeRunner.call(JavaCodeRunner.java:58)
	com.twosigma.beakerx.javash.evaluator.JavaCodeRunner.call(JavaCodeRunner.java:39)
	java.util.concurrent.FutureTask.run(FutureTask.java:266)
	java.util.concurrent.ThreadPoolExecutor.runWorker(ThreadPoolExecutor.java:1142)
	java.util.concurrent.ThreadPoolExecutor$Worker.run(ThreadPoolExecutor.java:617)
	java.lang.Thread.run(Thread.java:745)

	at java.awt.GraphicsEnvironment.checkHeadless(GraphicsEnvironment.java:204)
	at java.awt.Window.<init>(Window.java:536)
	at java.awt.Frame.<init>(Frame.java:420)
	at javax.swing.JFrame.<init>(JFrame.java:233)
	at org.knowm.xchart.SwingWrapper.displayChart(SwingWrapper.java:76)
	at pt.c08componentes.s20catalog.s50chart.ChartBubbleComponent.start(ChartBubbleComponent.java:60)
	at com.twosigma.beaker.javash.bkrac913fe9.BeakerWrapperClass1261714175Id73bff0399a1a44a0b5440a5f75f6aba2.beakerRun(BeakerWrapperClass1261714175Id73bff0399a1a44a0b5440a5f75f6aba2.java:55)
	at sun.reflect.NativeMethodAccessorImpl.invoke0(Native Method)
	at sun.reflect.NativeMethodAccessorImpl.invoke(NativeMethodAccessorImpl.java:62)
	at sun.reflect.DelegatingMethodAccessorImpl.invoke(DelegatingMethodAccessorImpl.java:43)
	at java.lang.reflect.Method.invoke(Method.java:498)
	at com.twosigma.beakerx.javash.evaluator.JavaCodeRunner.compileAndRunCode(JavaCodeRunner.java:121)
	at com.twosigma.beakerx.javash.evaluator.JavaCodeRunner.compileCode(JavaCodeRunner.java:99)
	at com.twosigma.beakerx.javash.evaluator.JavaCodeRunner.runCode(JavaCodeRunner.java:84)
	at com.twosigma.beakerx.javash.evaluator.JavaCodeRunner.call(JavaCodeRunner.java:58)
	at com.twosigma.beakerx.javash.evaluator.JavaCodeRunner.call(JavaCodeRunner.java:39)
	at java.util.concurrent.FutureTask.run(FutureTask.java:266)
	at java.util.concurrent.ThreadPoolExecutor.runWorker(ThreadPoolExecutor.java:1142)
	at java.util.concurrent.ThreadPoolExecutor$Worker.run(ThreadPoolExecutor.java:617)
	at java.lang.Thread.run(Thread.java:745)
